2025-08-18 00:37:44,918 - INFO - Starting DualCast Buy Phase Commentary System...
2025-08-18 00:37:44,918 - INFO - Buy phase started - monitoring for events...
2025-08-18 00:37:44,918 - INFO - Found 5 new events
2025-08-18 00:37:44,918 - INFO - Commentary: [Hype] TenZ trusting the squad — big Vandal ask right here!
2025-08-18 00:37:47,416 - INFO - HTTP Request: POST https://api.elevenlabs.io/v1/text-to-speech/Xb7hH8MSUJpSbSDYk0k2 "HTTP/1.1 200 OK"
2025-08-18 00:37:55,360 - INFO - Buy phase completed
2025-08-18 00:37:55,362 - INFO - Phase reset - ready for next buy phase
2025-08-18 00:37:56,366 - INFO - Buy phase started - monitoring for events...
2025-08-18 00:38:06,445 - INFO - Buy phase completed
2025-08-18 00:38:06,446 - INFO - Phase reset - ready for next buy phase
2025-08-18 00:38:07,451 - INFO - Buy phase started - monitoring for events...
2025-08-18 00:38:17,538 - INFO - Buy phase completed
2025-08-18 00:38:17,539 - INFO - Phase reset - ready for next buy phase
2025-08-18 00:38:18,543 - INFO - Buy phase started - monitoring for events...
2025-08-18 00:38:28,633 - INFO - Buy phase completed
2025-08-18 00:38:28,634 - INFO - Phase reset - ready for next buy phase
2025-08-18 00:38:29,638 - INFO - Buy phase started - monitoring for events...
2025-08-18 00:38:39,734 - INFO - Buy phase completed
2025-08-18 00:38:39,736 - INFO - Phase reset - ready for next buy phase
2025-08-18 00:38:40,742 - INFO - Buy phase started - monitoring for events...
2025-08-18 00:38:50,814 - INFO - Buy phase completed
2025-08-18 00:38:50,815 - INFO - Phase reset - ready for next buy phase
2025-08-18 00:38:51,821 - INFO - Buy phase started - monitoring for events...
2025-08-18 00:39:01,906 - INFO - Buy phase completed
2025-08-18 00:39:01,907 - INFO - Phase reset - ready for next buy phase
2025-08-18 00:39:02,912 - INFO - Buy phase started - monitoring for events...
2025-08-18 00:39:05,506 - INFO - System stopped by user
