2025-08-18 00:20:21,022 - INFO - Created empty JSON file: buy_phase_events.json
2025-08-18 00:20:21,022 - INFO - Starting DualCast Buy Phase Commentary System...
2025-08-18 00:20:21,023 - INFO - Buy phase started - monitoring for events...
2025-08-18 00:20:31,106 - INFO - Buy phase completed
2025-08-18 00:20:31,106 - INFO - Phase reset - ready for next buy phase
2025-08-18 00:20:32,112 - INFO - Buy phase started - monitoring for events...
2025-08-18 00:20:42,193 - INFO - Buy phase completed
2025-08-18 00:20:42,193 - INFO - Phase reset - ready for next buy phase
2025-08-18 00:20:43,197 - INFO - Buy phase started - monitoring for events...
2025-08-18 00:20:53,276 - INFO - Buy phase completed
2025-08-18 00:20:53,277 - INFO - Phase reset - ready for next buy phase
2025-08-18 00:20:54,289 - INFO - Buy phase started - monitoring for events...
2025-08-18 00:21:04,372 - INFO - Buy phase completed
2025-08-18 00:21:04,374 - INFO - Phase reset - ready for next buy phase
2025-08-18 00:21:05,380 - INFO - Buy phase started - monitoring for events...
2025-08-18 00:21:08,525 - INFO - System stopped by user
2025-08-18 00:22:28,989 - INFO - Starting DualCast Buy Phase Commentary System...
2025-08-18 00:22:28,989 - INFO - Buy phase started - monitoring for events...
2025-08-18 00:22:28,989 - INFO - Found 2 new events
2025-08-18 00:22:28,990 - INFO - Commentary: [Hype] Big request from TenZ — they're going all in on that Vandal!
2025-08-18 00:22:31,044 - INFO - HTTP Request: POST https://api.elevenlabs.io/v1/text-to-speech/Xb7hH8MSUJpSbSDYk0k2 "HTTP/1.1 200 OK"
2025-08-18 00:22:39,288 - INFO - Buy phase completed
2025-08-18 00:22:39,290 - INFO - Phase reset - ready for next buy phase
2025-08-18 00:22:40,295 - INFO - Buy phase started - monitoring for events...
2025-08-18 00:22:50,376 - INFO - Buy phase completed
2025-08-18 00:22:50,390 - INFO - Phase reset - ready for next buy phase
2025-08-18 00:22:51,396 - INFO - Buy phase started - monitoring for events...
2025-08-18 00:23:25,836 - INFO - Buy phase started - monitoring for events...
2025-08-18 00:23:25,837 - INFO - Found 5 new events
2025-08-18 00:23:25,837 - INFO - Commentary: [Hype] Request incoming! TenZ wants that Vandal — team chemistry time!
2025-08-18 00:23:27,591 - INFO - HTTP Request: POST https://api.elevenlabs.io/v1/text-to-speech/Xb7hH8MSUJpSbSDYk0k2 "HTTP/1.1 200 OK"
2025-08-18 00:23:32,641 - INFO - Buy phase completed
2025-08-18 00:24:58,760 - INFO - Buy phase started - monitoring for events...
2025-08-18 00:24:58,761 - INFO - Found 5 new events
2025-08-18 00:24:58,761 - INFO - Commentary: [Hype] Strategic call! TenZ asking for a Vandal — the team better respond!
2025-08-18 00:25:01,578 - INFO - HTTP Request: POST https://api.elevenlabs.io/v1/text-to-speech/Xb7hH8MSUJpSbSDYk0k2 "HTTP/1.1 200 OK"
